AlarmWakeUpDemo/android studio/app/build/intermediates/manifest_merge_blame_file/release/manifest-merger-blame-release-report.txt
1<?xml version="1.0" encoding="utf-8"?>
2<manifest xmlns:android="http://schemas.android.com/apk/res/android"
3    package="com.adam.app.alarmdemo"
4    android:versionCode="1"
5    android:versionName="1.0" >
6
7    <uses-sdk
7-->src\main\AndroidManifest.xml:7:5-9:41
8        android:minSdkVersion="14"
8-->src\main\AndroidManifest.xml:8:9-35
9        android:targetSdkVersion="33" />
9-->src\main\AndroidManifest.xml:9:9-38
10
11    <uses-permission android:name="android.permission.WAKE_LOCK" />
11-->src\main\AndroidManifest.xml:10:5-67
11-->src\main\AndroidManifest.xml:10:22-65
12
13    <application
13-->src\main\AndroidManifest.xml:12:5-28:19
14        android:allowBackup="true"
14-->src\main\AndroidManifest.xml:13:9-35
15        android:icon="@drawable/ic_launcher"
15-->src\main\AndroidManifest.xml:14:9-45
16        android:label="@string/app_name"
16-->src\main\AndroidManifest.xml:15:9-41
17        android:theme="@style/AppTheme" >
17-->src\main\AndroidManifest.xml:16:9-40
18        <activity
18-->src\main\AndroidManifest.xml:17:9-26:20
19            android:name="com.adam.app.alarmdemo.MainActivity"
19-->src\main\AndroidManifest.xml:18:13-41
20            android:exported="true"
20-->src\main\AndroidManifest.xml:20:13-36
21            android:label="@string/app_name" >
21-->src\main\AndroidManifest.xml:19:13-45
22            <intent-filter>
22-->src\main\AndroidManifest.xml:21:13-25:29
23                <action android:name="android.intent.action.MAIN" />
23-->src\main\AndroidManifest.xml:22:17-69
23-->src\main\AndroidManifest.xml:22:25-66
24
25                <category android:name="android.intent.category.LAUNCHER" />
25-->src\main\AndroidManifest.xml:24:17-77
25-->src\main\AndroidManifest.xml:24:27-74
26            </intent-filter>
27        </activity>
28
29        <receiver android:name="com.adam.app.alarmdemo.DemoReceiver" />
29-->src\main\AndroidManifest.xml:27:9-58
29-->src\main\AndroidManifest.xml:27:19-46
30    </application>
31
32</manifest>